This is pdfTeX, Version 3.141592653-2.6-1.40.25 (TeX Live 2023) (preloaded format=pdflatex 2023.4.29)  27 MAY 2024 16:10
entering extended mode
 restricted \write18 enabled.
 %&-line parsing enabled.
**"final work.tex"
(./final work.tex
LaTeX2e <2022-11-01> patch level 1
L3 programming layer <2023-02-22>
(d:/texlive/2023/texmf-dist/tex/latex/ctex/ctexart.cls
(d:/texlive/2023/texmf-dist/tex/latex/ctex/config/ctexbackend.cfg
File: ctexbackend.cfg 2022/07/14 v2.5.10 Backend configuration file (CTEX)
)
(d:/texlive/2023/texmf-dist/tex/latex/l3kernel/expl3.sty
Package: expl3 2023-02-22 L3 programming layer (loader) 

(d:/texlive/2023/texmf-dist/tex/latex/l3backend/l3backend-pdftex.def
File: l3backend-pdftex.def 2023-01-16 L3 backend support: PDF output (pdfTeX)
\l__color_backend_stack_int=\count185
\l__pdf_internal_box=\box51
))
Document Class: ctexart 2022/07/14 v2.5.10 Chinese adapter for class article (C
TEX)
(d:/texlive/2023/texmf-dist/tex/latex/ctex/ctexhook.sty
Package: ctexhook 2022/07/14 v2.5.10 Document and package hooks (CTEX)
)
(d:/texlive/2023/texmf-dist/tex/latex/ctex/ctexpatch.sty
Package: ctexpatch 2022/07/14 v2.5.10 Patching commands (CTEX)
)
(d:/texlive/2023/texmf-dist/tex/latex/base/fix-cm.sty
Package: fix-cm 2020/11/24 v1.1t fixes to LaTeX

(d:/texlive/2023/texmf-dist/tex/latex/base/ts1enc.def
File: ts1enc.def 2001/06/05 v3.0e (jk/car/fm) Standard LaTeX file
LaTeX Font Info:    Redeclaring font encoding TS1 on input line 47.
))
\l__ctex_tmp_int=\count186
\l__ctex_tmp_box=\box52
\l__ctex_tmp_dim=\dimen140
\g__ctex_section_depth_int=\count187
\g__ctex_font_size_int=\count188

(d:/texlive/2023/texmf-dist/tex/latex/ctex/config/ctexopts.cfg
File: ctexopts.cfg 2022/07/14 v2.5.10 Option configuration file (CTEX)
)

Class ctexart Warning: UTF8 will be used as the default encoding.

(d:/texlive/2023/texmf-dist/tex/latex/base/article.cls
Document Class: article 2022/07/02 v1.4n Standard LaTeX document class
(d:/texlive/2023/texmf-dist/tex/latex/base/size12.clo
File: size12.clo 2022/07/02 v1.4n Standard LaTeX file (size option)
)
\c@part=\count189
\c@section=\count190
\c@subsection=\count191
\c@subsubsection=\count192
\c@paragraph=\count193
\c@subparagraph=\count194
\c@figure=\count195
\c@table=\count196
\abovecaptionskip=\skip48
\belowcaptionskip=\skip49
\bibindent=\dimen141
)
(d:/texlive/2023/texmf-dist/tex/latex/ctex/engine/ctex-engine-pdftex.def
File: ctex-engine-pdftex.def 2022/07/14 v2.5.10 (pdf)LaTeX adapter (CTEX)

(d:/texlive/2023/texmf-dist/tex/latex/cjk/texinput/CJKutf8.sty
Package: CJKutf8 2021/10/16 4.8.5

(d:/texlive/2023/texmf-dist/tex/generic/iftex/ifpdf.sty
Package: ifpdf 2019/10/25 v3.4 ifpdf legacy package. Use iftex instead.

(d:/texlive/2023/texmf-dist/tex/generic/iftex/iftex.sty
Package: iftex 2022/02/03 v1.0f TeX engine tests
))
(d:/texlive/2023/texmf-dist/tex/latex/base/inputenc.sty
Package: inputenc 2021/02/14 v1.3d Input encoding file
\inpenc@prehook=\toks16
\inpenc@posthook=\toks17
)
(d:/texlive/2023/texmf-dist/tex/latex/cjk/texinput/CJK.sty
Package: CJK 2021/10/16 4.8.5

(d:/texlive/2023/texmf-dist/tex/latex/cjk/texinput/mule/MULEenc.sty
Package: MULEenc 2021/10/16 4.8.5
)
(d:/texlive/2023/texmf-dist/tex/latex/cjk/texinput/CJK.enc
File: CJK.enc 2021/10/16 4.8.5
Now handling font encoding C00 ...
... no UTF-8 mapping file for font encoding C00
Now handling font encoding C05 ...
... no UTF-8 mapping file for font encoding C05
Now handling font encoding C09 ...
... no UTF-8 mapping file for font encoding C09
Now handling font encoding C10 ...
... no UTF-8 mapping file for font encoding C10
Now handling font encoding C20 ...
... no UTF-8 mapping file for font encoding C20
Now handling font encoding C19 ...
... no UTF-8 mapping file for font encoding C19
Now handling font encoding C40 ...
... no UTF-8 mapping file for font encoding C40
Now handling font encoding C42 ...
... no UTF-8 mapping file for font encoding C42
Now handling font encoding C43 ...
... no UTF-8 mapping file for font encoding C43
Now handling font encoding C50 ...
... no UTF-8 mapping file for font encoding C50
Now handling font encoding C52 ...
... no UTF-8 mapping file for font encoding C52
Now handling font encoding C49 ...
... no UTF-8 mapping file for font encoding C49
Now handling font encoding C60 ...
... no UTF-8 mapping file for font encoding C60
Now handling font encoding C61 ...
... no UTF-8 mapping file for font encoding C61
Now handling font encoding C63 ...
... no UTF-8 mapping file for font encoding C63
Now handling font encoding C64 ...
... no UTF-8 mapping file for font encoding C64
Now handling font encoding C65 ...
... no UTF-8 mapping file for font encoding C65
Now handling font encoding C70 ...
... no UTF-8 mapping file for font encoding C70
Now handling font encoding C31 ...
... no UTF-8 mapping file for font encoding C31
Now handling font encoding C32 ...
... no UTF-8 mapping file for font encoding C32
Now handling font encoding C33 ...
... no UTF-8 mapping file for font encoding C33
Now handling font encoding C34 ...
... no UTF-8 mapping file for font encoding C34
Now handling font encoding C35 ...
... no UTF-8 mapping file for font encoding C35
Now handling font encoding C36 ...
... no UTF-8 mapping file for font encoding C36
Now handling font encoding C37 ...
... no UTF-8 mapping file for font encoding C37
Now handling font encoding C80 ...
... no UTF-8 mapping file for font encoding C80
Now handling font encoding C81 ...
... no UTF-8 mapping file for font encoding C81
Now handling font encoding C01 ...
... no UTF-8 mapping file for font encoding C01
Now handling font encoding C11 ...
... no UTF-8 mapping file for font encoding C11
Now handling font encoding C21 ...
... no UTF-8 mapping file for font encoding C21
Now handling font encoding C41 ...
... no UTF-8 mapping file for font encoding C41
Now handling font encoding C62 ...
... no UTF-8 mapping file for font encoding C62
)
\CJK@indent=\box53
)
(d:/texlive/2023/texmf-dist/tex/latex/base/fontenc.sty
Package: fontenc 2021/04/29 v2.0v Standard LaTeX package
))
(d:/texlive/2023/texmf-dist/tex/latex/cjkpunct/CJKpunct.sty
Package: CJKpunct 2016/05/14 4.8.4
\CJKpunct@cnta=\count197
\CJKpunct@cntb=\count198
\CJKpunct@cntc=\count199
\CJKpunct@cntd=\count266
\CJKpunct@cnte=\count267
   defining Unicode char U+2018 (decimal 8216)
   defining Unicode char U+2019 (decimal 8217)
   defining Unicode char U+201C (decimal 8220)
   defining Unicode char U+201D (decimal 8221)
   defining Unicode char U+2014 (decimal 8212)
   defining Unicode char U+2026 (decimal 8230)

(d:/texlive/2023/texmf-dist/tex/latex/cjkpunct/CJKpunct.spa))
(d:/texlive/2023/texmf-dist/tex/latex/cjk/texinput/CJKspace.sty
Package: CJKspace 2021/10/16 3.8.0
)
(d:/texlive/2023/texmf-dist/tex/latex/cjk/texinput/UTF8/UTF8.bdg
File: UTF8.bdg 2021/10/16 4.8.5
)
(d:/texlive/2023/texmf-dist/tex/latex/ctex/ctexspa.def
File: ctexspa.def 2022/07/14 v2.5.10 Space info for CJKpunct (CTEX)
)
\ccwd=\dimen142
\l__ctex_ccglue_skip=\skip50
)
\l__ctex_ziju_dim=\dimen143

(d:/texlive/2023/texmf-dist/tex/latex/zhnumber/zhnumber.sty
Package: zhnumber 2022/07/14 v3.0 Typesetting numbers with Chinese glyphs
\l__zhnum_scale_int=\count268
\l__zhnum_tmp_int=\count269

(d:/texlive/2023/texmf-dist/tex/latex/zhnumber/zhnumber-utf8.cfg
File: zhnumber-utf8.cfg 2022/07/14 v3.0 Chinese numerals with UTF8 encoding
))
\l__ctex_heading_skip=\skip51

(d:/texlive/2023/texmf-dist/tex/latex/ctex/scheme/ctex-scheme-chinese-article.d
ef
File: ctex-scheme-chinese-article.def 2022/07/14 v2.5.10 Chinese scheme for art
icle (CTEX)
 (d:/texlive/2023/texmf-dist/tex/latex/ctex/config/ctex-name-utf8.cfg
File: ctex-name-utf8.cfg 2022/07/14 v2.5.10 Caption with encoding UTF-8 (CTEX)
))
(d:/texlive/2023/texmf-dist/tex/latex/ctex/fontset/ctex-fontset-windows.def
File: ctex-fontset-windows.def 2022/07/14 v2.5.10 Windows fonts definition (CTE
X)
))
(d:/texlive/2023/texmf-dist/tex/latex/ctex/config/ctex.cfg
File: ctex.cfg 2022/07/14 v2.5.10 Configuration file (CTEX)
)
(d:/texlive/2023/texmf-dist/tex/latex/amsmath/amsmath.sty
Package: amsmath 2022/04/08 v2.17n AMS math features
\@mathmargin=\skip52

For additional information on amsmath, use the `?' option.
(d:/texlive/2023/texmf-dist/tex/latex/amsmath/amstext.sty
Package: amstext 2021/08/26 v2.01 AMS text

(d:/texlive/2023/texmf-dist/tex/latex/amsmath/amsgen.sty
File: amsgen.sty 1999/11/30 v2.0 generic functions
\@emptytoks=\toks18
\ex@=\dimen144
))
(d:/texlive/2023/texmf-dist/tex/latex/amsmath/amsbsy.sty
Package: amsbsy 1999/11/29 v1.2d Bold Symbols
\pmbraise@=\dimen145
)
(d:/texlive/2023/texmf-dist/tex/latex/amsmath/amsopn.sty
Package: amsopn 2022/04/08 v2.04 operator names
)
\inf@bad=\count270
LaTeX Info: Redefining \frac on input line 234.
\uproot@=\count271
\leftroot@=\count272
LaTeX Info: Redefining \overline on input line 399.
LaTeX Info: Redefining \colon on input line 410.
\classnum@=\count273
\DOTSCASE@=\count274
LaTeX Info: Redefining \ldots on input line 496.
LaTeX Info: Redefining \dots on input line 499.
LaTeX Info: Redefining \cdots on input line 620.
\Mathstrutbox@=\box54
\strutbox@=\box55
LaTeX Info: Redefining \big on input line 722.
LaTeX Info: Redefining \Big on input line 723.
LaTeX Info: Redefining \bigg on input line 724.
LaTeX Info: Redefining \Bigg on input line 725.
\big@size=\dimen146
LaTeX Font Info:    Redeclaring font encoding OML on input line 743.
LaTeX Font Info:    Redeclaring font encoding OMS on input line 744.
\macc@depth=\count275
LaTeX Info: Redefining \bmod on input line 905.
LaTeX Info: Redefining \pmod on input line 910.
LaTeX Info: Redefining \smash on input line 940.
LaTeX Info: Redefining \relbar on input line 970.
LaTeX Info: Redefining \Relbar on input line 971.
\c@MaxMatrixCols=\count276
\dotsspace@=\muskip16
\c@parentequation=\count277
\dspbrk@lvl=\count278
\tag@help=\toks19
\row@=\count279
\column@=\count280
\maxfields@=\count281
\andhelp@=\toks20
\eqnshift@=\dimen147
\alignsep@=\dimen148
\tagshift@=\dimen149
\tagwidth@=\dimen150
\totwidth@=\dimen151
\lineht@=\dimen152
\@envbody=\toks21
\multlinegap=\skip53
\multlinetaggap=\skip54
\mathdisplay@stack=\toks22
LaTeX Info: Redefining \[ on input line 2953.
LaTeX Info: Redefining \] on input line 2954.
)
(d:/texlive/2023/texmf-dist/tex/latex/amscls/amsthm.sty
Package: amsthm 2020/05/29 v2.20.6
\thm@style=\toks23
\thm@bodyfont=\toks24
\thm@headfont=\toks25
\thm@notefont=\toks26
\thm@headpunct=\toks27
\thm@preskip=\skip55
\thm@postskip=\skip56
\thm@headsep=\skip57
\dth@everypar=\toks28
)
(d:/texlive/2023/texmf-dist/tex/latex/amsfonts/amssymb.sty
Package: amssymb 2013/01/14 v3.01 AMS font symbols

(d:/texlive/2023/texmf-dist/tex/latex/amsfonts/amsfonts.sty
Package: amsfonts 2013/01/14 v3.01 Basic AMSFonts support
\symAMSa=\mathgroup4
\symAMSb=\mathgroup5
LaTeX Font Info:    Redeclaring math symbol \hbar on input line 98.
LaTeX Font Info:    Overwriting math alphabet `\mathfrak' in version `bold'
(Font)                  U/euf/m/n --> U/euf/b/n on input line 106.
))
(d:/texlive/2023/texmf-dist/tex/latex/appendix/appendix.sty
Package: appendix 2020/02/08 v1.2c extra appendix facilities
\c@@pps=\count282
\c@@ppsavesec=\count283
\c@@ppsaveapp=\count284
)
(d:/texlive/2023/texmf-dist/tex/latex/tools/bm.sty
Package: bm 2022/01/05 v1.2f Bold Symbol Support (DPC/FMi)
\symboldoperators=\mathgroup6
\symboldletters=\mathgroup7
\symboldsymbols=\mathgroup8
Package bm Info: No bold for \OMX/cmex/m/n, using \pmb.
Package bm Info: No bold for \U/msa/m/n, using \pmb.
Package bm Info: No bold for \U/msb/m/n, using \pmb.
LaTeX Font Info:    Redeclaring math alphabet \mathbf on input line 149.
)
(d:/texlive/2023/texmf-dist/tex/latex/graphics/graphicx.sty
Package: graphicx 2021/09/16 v1.2d Enhanced LaTeX Graphics (DPC,SPQR)

(d:/texlive/2023/texmf-dist/tex/latex/graphics/keyval.sty
Package: keyval 2022/05/29 v1.15 key=value parser (DPC)
\KV@toks@=\toks29
)
(d:/texlive/2023/texmf-dist/tex/latex/graphics/graphics.sty
Package: graphics 2022/03/10 v1.4e Standard LaTeX Graphics (DPC,SPQR)

(d:/texlive/2023/texmf-dist/tex/latex/graphics/trig.sty
Package: trig 2021/08/11 v1.11 sin cos tan (DPC)
)
(d:/texlive/2023/texmf-dist/tex/latex/graphics-cfg/graphics.cfg
File: graphics.cfg 2016/06/04 v1.11 sample graphics configuration
)
Package graphics Info: Driver file: pdftex.def on input line 107.

(d:/texlive/2023/texmf-dist/tex/latex/graphics-def/pdftex.def
File: pdftex.def 2022/09/22 v1.2b Graphics/color driver for pdftex
))
\Gin@req@height=\dimen153
\Gin@req@width=\dimen154
)
(d:/texlive/2023/texmf-dist/tex/latex/hyperref/hyperref.sty
Package: hyperref 2023-02-07 v7.00v Hypertext links for LaTeX

(d:/texlive/2023/texmf-dist/tex/generic/ltxcmds/ltxcmds.sty
Package: ltxcmds 2020-05-10 v1.25 LaTeX kernel commands for general use (HO)
)
(d:/texlive/2023/texmf-dist/tex/generic/pdftexcmds/pdftexcmds.sty
Package: pdftexcmds 2020-06-27 v0.33 Utility functions of pdfTeX for LuaTeX (HO
)

(d:/texlive/2023/texmf-dist/tex/generic/infwarerr/infwarerr.sty
Package: infwarerr 2019/12/03 v1.5 Providing info/warning/error messages (HO)
)
Package pdftexcmds Info: \pdf@primitive is available.
Package pdftexcmds Info: \pdf@ifprimitive is available.
Package pdftexcmds Info: \pdfdraftmode found.
)
(d:/texlive/2023/texmf-dist/tex/latex/kvsetkeys/kvsetkeys.sty
Package: kvsetkeys 2022-10-05 v1.19 Key value parser (HO)
)
(d:/texlive/2023/texmf-dist/tex/generic/kvdefinekeys/kvdefinekeys.sty
Package: kvdefinekeys 2019-12-19 v1.6 Define keys (HO)
)
(d:/texlive/2023/texmf-dist/tex/generic/pdfescape/pdfescape.sty
Package: pdfescape 2019/12/09 v1.15 Implements pdfTeX's escape features (HO)
)
(d:/texlive/2023/texmf-dist/tex/latex/hycolor/hycolor.sty
Package: hycolor 2020-01-27 v1.10 Color options for hyperref/bookmark (HO)
)
(d:/texlive/2023/texmf-dist/tex/latex/letltxmacro/letltxmacro.sty
Package: letltxmacro 2019/12/03 v1.6 Let assignment for LaTeX macros (HO)
)
(d:/texlive/2023/texmf-dist/tex/latex/auxhook/auxhook.sty
Package: auxhook 2019-12-17 v1.6 Hooks for auxiliary files (HO)
)
(d:/texlive/2023/texmf-dist/tex/latex/hyperref/nameref.sty
Package: nameref 2022-05-17 v2.50 Cross-referencing by name of section

(d:/texlive/2023/texmf-dist/tex/latex/refcount/refcount.sty
Package: refcount 2019/12/15 v3.6 Data extraction from label references (HO)
)
(d:/texlive/2023/texmf-dist/tex/generic/gettitlestring/gettitlestring.sty
Package: gettitlestring 2019/12/15 v1.6 Cleanup title references (HO)

(d:/texlive/2023/texmf-dist/tex/latex/kvoptions/kvoptions.sty
Package: kvoptions 2022-06-15 v3.15 Key value format for package options (HO)
))
\c@section@level=\count285
)
\@linkdim=\dimen155
\Hy@linkcounter=\count286
\Hy@pagecounter=\count287

(d:/texlive/2023/texmf-dist/tex/latex/hyperref/pd1enc.def
File: pd1enc.def 2023-02-07 v7.00v Hyperref: PDFDocEncoding definition (HO)
Now handling font encoding PD1 ...
... no UTF-8 mapping file for font encoding PD1
)
(d:/texlive/2023/texmf-dist/tex/generic/intcalc/intcalc.sty
Package: intcalc 2019/12/15 v1.3 Expandable calculations with integers (HO)
)
(d:/texlive/2023/texmf-dist/tex/generic/etexcmds/etexcmds.sty
Package: etexcmds 2019/12/15 v1.7 Avoid name clashes with e-TeX commands (HO)
)
\Hy@SavedSpaceFactor=\count288

(d:/texlive/2023/texmf-dist/tex/latex/hyperref/puenc.def
File: puenc.def 2023-02-07 v7.00v Hyperref: PDF Unicode definition (HO)
Now handling font encoding PU ...
... no UTF-8 mapping file for font encoding PU
)
Package hyperref Info: Option `unicode' set `true' on input line 4060.
Package hyperref Info: Hyper figures OFF on input line 4177.
Package hyperref Info: Link nesting OFF on input line 4182.
Package hyperref Info: Hyper index ON on input line 4185.
Package hyperref Info: Plain pages OFF on input line 4192.
Package hyperref Info: Backreferencing OFF on input line 4197.
Package hyperref Info: Implicit mode ON; LaTeX internals redefined.
Package hyperref Info: Bookmarks ON on input line 4425.
\c@Hy@tempcnt=\count289

(d:/texlive/2023/texmf-dist/tex/latex/url/url.sty
\Urlmuskip=\muskip17
Package: url 2013/09/16  ver 3.4  Verb mode for urls, etc.
)
LaTeX Info: Redefining \url on input line 4763.
\XeTeXLinkMargin=\dimen156

(d:/texlive/2023/texmf-dist/tex/generic/bitset/bitset.sty
Package: bitset 2019/12/09 v1.3 Handle bit-vector datatype (HO)

(d:/texlive/2023/texmf-dist/tex/generic/bigintcalc/bigintcalc.sty
Package: bigintcalc 2019/12/15 v1.5 Expandable calculations on big integers (HO
)
))
\Fld@menulength=\count290
\Field@Width=\dimen157
\Fld@charsize=\dimen158
Package hyperref Info: Hyper figures OFF on input line 6042.
Package hyperref Info: Link nesting OFF on input line 6047.
Package hyperref Info: Hyper index ON on input line 6050.
Package hyperref Info: backreferencing OFF on input line 6057.
Package hyperref Info: Link coloring OFF on input line 6062.
Package hyperref Info: Link coloring with OCG OFF on input line 6067.
Package hyperref Info: PDF/A mode OFF on input line 6072.

(d:/texlive/2023/texmf-dist/tex/latex/base/atbegshi-ltx.sty
Package: atbegshi-ltx 2021/01/10 v1.0c Emulation of the original atbegshi
package with kernel methods
)
\Hy@abspage=\count291
\c@Item=\count292
\c@Hfootnote=\count293
)
Package hyperref Info: Driver (autodetected): hpdftex.

(d:/texlive/2023/texmf-dist/tex/latex/hyperref/hpdftex.def
File: hpdftex.def 2023-02-07 v7.00v Hyperref driver for pdfTeX

(d:/texlive/2023/texmf-dist/tex/latex/base/atveryend-ltx.sty
Package: atveryend-ltx 2020/08/19 v1.0a Emulation of the original atveryend pac
kage
with kernel methods
)
\Fld@listcount=\count294
\c@bookmark@seq@number=\count295

(d:/texlive/2023/texmf-dist/tex/latex/rerunfilecheck/rerunfilecheck.sty
Package: rerunfilecheck 2022-07-10 v1.10 Rerun checks for auxiliary files (HO)

(d:/texlive/2023/texmf-dist/tex/generic/uniquecounter/uniquecounter.sty
Package: uniquecounter 2019/12/15 v1.4 Provide unlimited unique counter (HO)
)
Package uniquecounter Info: New unique counter `rerunfilecheck' on input line 2
85.
)
\Hy@SectionHShift=\skip58
)
(d:/texlive/2023/texmf-dist/tex/latex/jknapltx/mathrsfs.sty
Package: mathrsfs 1996/01/01 Math RSFS package v1.0 (jk)
\symrsfs=\mathgroup9
)
(d:/texlive/2023/texmf-dist/tex/latex/abstract/abstract.sty
Package: abstract 2009/06/08 v1.2a configurable abstracts
\abstitleskip=\skip59
\absleftindent=\skip60
\absrightindent=\skip61
\absparindent=\skip62
\absparsep=\skip63
)
(d:/texlive/2023/texmf-dist/tex/latex/geometry/geometry.sty
Package: geometry 2020/01/02 v5.9 Page Geometry

(d:/texlive/2023/texmf-dist/tex/generic/iftex/ifvtex.sty
Package: ifvtex 2019/10/25 v1.7 ifvtex legacy package. Use iftex instead.
)
\Gm@cnth=\count296
\Gm@cntv=\count297
\c@Gm@tempcnt=\count298
\Gm@bindingoffset=\dimen159
\Gm@wd@mp=\dimen160
\Gm@odd@mp=\dimen161
\Gm@even@mp=\dimen162
\Gm@layoutwidth=\dimen163
\Gm@layoutheight=\dimen164
\Gm@layouthoffset=\dimen165
\Gm@layoutvoffset=\dimen166
\Gm@dimlist=\toks30
)
(d:/texlive/2023/texmf-dist/tex/latex/cite/cite.sty
LaTeX Info: Redefining \cite on input line 302.
LaTeX Info: Redefining \nocite on input line 332.
Package: cite 2015/02/27  v 5.5
)
\c@theorem=\count299

(d:/texlive/2023/texmf-dist/tex/latex/cjk/texinput/UTF8/UTF8.enc
File: UTF8.enc 2021/10/16 4.8.5
)
(d:/texlive/2023/texmf-dist/tex/latex/cjk/texinput/UTF8/UTF8.chr
File: UTF8.chr 2021/10/16 4.8.5
)
(./final work.aux
! Missing \endcsname inserted.
<to be read again> 
                   \tex_indent:D 
l.39 ...{1}{5}{ä¸€èˆ¬åŒ–ç¢°æ’æ¨¡å‹}{figure.1}{}}
                                                  
The control sequence marked <to be read again> should
not appear between \csname and \endcsname.

! Missing \endcsname inserted.
<to be read again> 
                   \tex_indent:D 
l.39 ...{1}{5}{ä¸€èˆ¬åŒ–ç¢°æ’æ¨¡å‹}{figure.1}{}}
                                                  
The control sequence marked <to be read again> should
not appear between \csname and \endcsname.


! LaTeX Error: Missing \begin{document}.

See the LaTeX manual or LaTeX Companion for explanation.
Type  H <return>  for immediate help.
 ...                                              
                                                  
l.39 ...{1}{5}{ä¸€èˆ¬åŒ–ç¢°æ’æ¨¡å‹}{figure.1}{}}
                                                  
You're in trouble here.  Try typing  <return>  to proceed.
If that doesn't work, type  X <return>  to quit.

LaTeX Font Info:    Trying to load font information for C70+rm on input line 39
.
(d:/texlive/2023/texmf-dist/tex/latex/ctex/fd/c70rm.fd
File: c70rm.fd 2022/07/14 v2.5.10 Chinese font definition (CTEX)
)
! Extra \endcsname.
<recently read> \endcsname 
                           
l.39 ...{1}{5}{ä¸€èˆ¬åŒ–ç¢°æ’æ¨¡å‹}{figure.1}{}}
                                                  
I'm ignoring this, since I wasn't doing a \csname.

! Missing \endcsname inserted.
<to be read again> 
                   \global 
l.41 ...˜µä¸ä¸€ç»´å¼¹æ€§ç¢°æ’}{equation.2.11}{}}
                                                  
The control sequence marked <to be read again> should
not appear between \csname and \endcsname.

! Missing \endcsname inserted.
<to be read again> 
                   \global 
l.41 ...˜µä¸ä¸€ç»´å¼¹æ€§ç¢°æ’}{equation.2.11}{}}
                                                  
The control sequence marked <to be read again> should
not appear between \csname and \endcsname.

! Missing number, treated as zero.
<to be read again> 
                   }
l.41 ...˜µä¸ä¸€ç»´å¼¹æ€§ç¢°æ’}{equation.2.11}{}}
                                                  
A number should have been here; I inserted `0'.
(If you can't figure out why I needed to see a number,
look up `weird error' in the index to The TeXbook.)

! Bad character code (7276).
<argument> \@tempcnta 
                      
l.41 ...˜µä¸ä¸€ç»´å¼¹æ€§ç¢°æ’}{equation.2.11}{}}
                                                  
A character number must be between 0 and 255.
I changed this one to zero.

! Extra \endcsname.
\@namedef ...xpandafter \def \csname #1\endcsname 
                                                  
l.41 ...˜µä¸ä¸€ç»´å¼¹æ€§ç¢°æ’}{equation.2.11}{}}
                                                  
I'm ignoring this, since I wasn't doing a \csname.

! Extra }, or forgotten \endgroup.
\@newl@bel ...ined}}\global \@namedef {#1@#2}{#3}}
                                                  
l.41 ...˜µä¸ä¸€ç»´å¼¹æ€§ç¢°æ’}{equation.2.11}{}}
                                                  
I've deleted a group-closing symbol because it seems to be
spurious, as in `$x}$'. But perhaps the } is legitimate and
you forgot something else, as in `\hbox{$x}'. In such cases
the way to recover is to insert both the forgotten and the
deleted material, e.g., by typing `I$}'.

! Missing \endcsname inserted.
<to be read again> 
                   \global 
l.42 ...˜µä¸ä¸€ç»´å¼¹æ€§ç¢°æ’}{equation.2.12}{}}
                                                  
The control sequence marked <to be read again> should
not appear between \csname and \endcsname.

! Extra \endcsname.
\@ifundefined #1->\ifcsname #1\endcsname 
                                         \@ifundefin@d@i \else \@ifundefin@d...
l.42 ...˜µä¸ä¸€ç»´å¼¹æ€§ç¢°æ’}{equation.2.12}{}}
                                                  
I'm ignoring this, since I wasn't doing a \csname.

! Missing \endcsname inserted.
<to be read again> 
                   \global 
l.42 ...˜µä¸ä¸€ç»´å¼¹æ€§ç¢°æ’}{equation.2.12}{}}
                                                  
The control sequence marked <to be read again> should
not appear between \csname and \endcsname.

! Extra }, or forgotten \endgroup.
<recently read> }
                 
l.42 ...˜µä¸ä¸€ç»´å¼¹æ€§ç¢°æ’}{equation.2.12}{}}
                                                  
I've deleted a group-closing symbol because it seems to be
spurious, as in `$x}$'. But perhaps the } is legitimate and
you forgot something else, as in `\hbox{$x}'. In such cases
the way to recover is to insert both the forgotten and the
deleted material, e.g., by typing `I$}'.

! Extra \endcsname.
\@ifundefin@d@i ...fter \ifx \csname #2\endcsname 
                                                  \relax \@ifundefin@d@ii \f...
l.42 ...˜µä¸ä¸€ç»´å¼¹æ€§ç¢°æ’}{equation.2.12}{}}
                                                  
I'm ignoring this, since I wasn't doing a \csname.

! Missing \endcsname inserted.
<to be read again> 
                   \global 
l.42 ...˜µä¸ä¸€ç»´å¼¹æ€§ç¢°æ’}{equation.2.12}{}}
                                                  
The control sequence marked <to be read again> should
not appear between \csname and \endcsname.

! Missing number, treated as zero.
<to be read again> 
                   }
l.42 ...˜µä¸ä¸€ç»´å¼¹æ€§ç¢°æ’}{equation.2.12}{}}
                                                  
A number should have been here; I inserted `0'.
(If you can't figure out why I needed to see a number,
look up `weird error' in the index to The TeXbook.)

! Bad character code (42348).
<argument> \@tempcnta 
                      
l.42 ...˜µä¸ä¸€ç»´å¼¹æ€§ç¢°æ’}{equation.2.12}{}}
                                                  
A character number must be between 0 and 255.
I changed this one to zero.

! Extra }, or forgotten \endgroup.
<recently read> }
                 
l.42 ...˜µä¸ä¸€ç»´å¼¹æ€§ç¢°æ’}{equation.2.12}{}}
                                                  
I've deleted a group-closing symbol because it seems to be
spurious, as in `$x}$'. But perhaps the } is legitimate and
you forgot something else, as in `\hbox{$x}'. In such cases
the way to recover is to insert both the forgotten and the
deleted material, e.g., by typing `I$}'.

! Extra \endcsname.
\@namedef ...xpandafter \def \csname #1\endcsname 
                                                  
l.42 ...˜µä¸ä¸€ç»´å¼¹æ€§ç¢°æ’}{equation.2.12}{}}
                                                  
I'm ignoring this, since I wasn't doing a \csname.

! Extra }, or forgotten \endgroup.
\@newl@bel ...ined}}\global \@namedef {#1@#2}{#3}}
                                                  
l.42 ...˜µä¸ä¸€ç»´å¼¹æ€§ç¢°æ’}{equation.2.12}{}}
                                                  
I've deleted a group-closing symbol because it seems to be
spurious, as in `$x}$'. But perhaps the } is legitimate and
you forgot something else, as in `\hbox{$x}'. In such cases
the way to recover is to insert both the forgotten and the
deleted material, e.g., by typing `I$}'.

)
\openout1 = `"final work.aux"'.

LaTeX Font Info:    Checking defaults for OML/cmm/m/it on input line 21.
LaTeX Font Info:    ... okay on input line 21.
LaTeX Font Info:    Checking defaults for OMS/cmsy/m/n on input line 21.
LaTeX Font Info:    ... okay on input line 21.
LaTeX Font Info:    Checking defaults for OT1/cmr/m/n on input line 21.
LaTeX Font Info:    ... okay on input line 21.
LaTeX Font Info:    Checking defaults for T1/cmr/m/n on input line 21.
LaTeX Font Info:    ... okay on input line 21.
LaTeX Font Info:    Checking defaults for TS1/cmr/m/n on input line 21.
LaTeX Font Info:    ... okay on input line 21.
LaTeX Font Info:    Checking defaults for OMX/cmex/m/n on input line 21.
LaTeX Font Info:    ... okay on input line 21.
LaTeX Font Info:    Checking defaults for U/cmr/m/n on input line 21.
LaTeX Font Info:    ... okay on input line 21.
LaTeX Font Info:    Checking defaults for C00/song/m/n on input line 21.
LaTeX Font Info:    ... okay on input line 21.
LaTeX Font Info:    Checking defaults for C05/song/m/n on input line 21.
LaTeX Font Info:    ... okay on input line 21.
LaTeX Font Info:    Checking defaults for C09/song/m/n on input line 21.
LaTeX Font Info:    ... okay on input line 21.
LaTeX Font Info:    Checking defaults for C10/song/m/n on input line 21.
LaTeX Font Info:    ... okay on input line 21.
LaTeX Font Info:    Checking defaults for C20/song/m/n on input line 21.
LaTeX Font Info:    ... okay on input line 21.
LaTeX Font Info:    Checking defaults for C19/song/m/n on input line 21.
LaTeX Font Info:    ... okay on input line 21.
LaTeX Font Info:    Checking defaults for C40/song/m/n on input line 21.
LaTeX Font Info:    ... okay on input line 21.
LaTeX Font Info:    Checking defaults for C42/song/m/n on input line 21.
LaTeX Font Info:    ... okay on input line 21.
LaTeX Font Info:    Checking defaults for C43/song/m/n on input line 21.
LaTeX Font Info:    ... okay on input line 21.
LaTeX Font Info:    Checking defaults for C50/song/m/n on input line 21.
LaTeX Font Info:    ... okay on input line 21.
LaTeX Font Info:    Checking defaults for C52/song/m/n on input line 21.
LaTeX Font Info:    ... okay on input line 21.
LaTeX Font Info:    Checking defaults for C49/song/m/n on input line 21.
LaTeX Font Info:    ... okay on input line 21.
LaTeX Font Info:    Checking defaults for C60/mj/m/n on input line 21.
LaTeX Font Info:    ... okay on input line 21.
LaTeX Font Info:    Checking defaults for C61/mj/m/n on input line 21.
LaTeX Font Info:    ... okay on input line 21.
LaTeX Font Info:    Checking defaults for C63/mj/m/n on input line 21.
LaTeX Font Info:    ... okay on input line 21.
LaTeX Font Info:    Checking defaults for C64/mj/m/n on input line 21.
LaTeX Font Info:    ... okay on input line 21.
LaTeX Font Info:    Checking defaults for C65/mj/m/n on input line 21.
LaTeX Font Info:    ... okay on input line 21.
LaTeX Font Info:    Checking defaults for C70/song/m/n on input line 21.
LaTeX Font Info:    ... okay on input line 21.
LaTeX Font Info:    Checking defaults for C31/song/m/n on input line 21.
LaTeX Font Info:    ... okay on input line 21.
LaTeX Font Info:    Checking defaults for C32/song/m/n on input line 21.
LaTeX Font Info:    ... okay on input line 21.
LaTeX Font Info:    Checking defaults for C33/song/m/n on input line 21.
LaTeX Font Info:    ... okay on input line 21.
LaTeX Font Info:    Checking defaults for C34/song/m/n on input line 21.
LaTeX Font Info:    ... okay on input line 21.
LaTeX Font Info:    Checking defaults for C35/song/m/n on input line 21.
LaTeX Font Info:    ... okay on input line 21.
LaTeX Font Info:    Checking defaults for C36/song/m/n on input line 21.
LaTeX Font Info:    ... okay on input line 21.
LaTeX Font Info:    Checking defaults for C37/song/m/n on input line 21.
LaTeX Font Info:    ... okay on input line 21.
LaTeX Font Info:    Checking defaults for C80/song/m/n on input line 21.
LaTeX Font Info:    ... okay on input line 21.
LaTeX Font Info:    Checking defaults for C81/song/m/n on input line 21.
LaTeX Font Info:    ... okay on input line 21.
LaTeX Font Info:    Checking defaults for C01/song/m/n on input line 21.
LaTeX Font Info:    ... okay on input line 21.
LaTeX Font Info:    Checking defaults for C11/song/m/n on input line 21.
LaTeX Font Info:    ... okay on input line 21.
LaTeX Font Info:    Checking defaults for C21/song/m/n on input line 21.
LaTeX Font Info:    ... okay on input line 21.
LaTeX Font Info:    Checking defaults for C41/song/m/n on input line 21.
LaTeX Font Info:    ... okay on input line 21.
LaTeX Font Info:    Checking defaults for C62/song/m/n on input line 21.
LaTeX Font Info:    ... okay on input line 21.
LaTeX Font Info:    Checking defaults for PD1/pdf/m/n on input line 21.
LaTeX Font Info:    ... okay on input line 21.
LaTeX Font Info:    Checking defaults for PU/pdf/m/n on input line 21.
LaTeX Font Info:    ... okay on input line 21.
 (d:/texlive/2023/texmf-dist/tex/context/base/mkii/supp-pdf.mkii
Overfull \hbox (87.78418pt too wide) in paragraph at lines 39--13
\C70/rm/m/n/12/64 \OT1/cmr/m/n/12 equation.2.11 \C70/rm/m/n/12/51 l \C70/rm/m/
n/12/5f ^^O\OT1/cmr/m/n/12 12\C70/rm/m/n/12/51 l \C70/rm/m/n/12/5f ^^O\C70/rm/m
/n/12/51 12\C70/rm/m/n/12/5f ^^@ ^^O12126\C70/rm/m/n/12/77 é \C70/rm/m/n/12/96 
5 \C70/rm/m/n/12/4e ^^N ^^@ \C70/rm/m/n/12/7e ô \C70/rm/m/n/12/5f 9 \C70/rm/m/n
/12/60 ' \C70/rm/m/n/12/78 ° \C70/rm/m/n/12/64 \C70/rm/m/n/12/5f equation.2.12

 []


Underfull \hbox (badness 10000) in paragraph at lines 39--13

 []

[Loading MPS to PDF converter (version 2006.09.02).]
\scratchcounter=\count300
\scratchdimen=\dimen167
\scratchbox=\box56
\nofMPsegments=\count301
\nofMParguments=\count302
\everyMPshowfont=\toks31
\MPscratchCnt=\count303
\MPscratchDim=\dimen168
\MPnumerator=\count304
\makeMPintoPDFobject=\count305
\everyMPtoPDFconversion=\toks32
) (d:/texlive/2023/texmf-dist/tex/latex/epstopdf-pkg/epstopdf-base.sty
Package: epstopdf-base 2020-01-24 v2.11 Base part for package epstopdf
Package epstopdf-base Info: Redefining graphics rule for `.eps' on input line 4
85.

(d:/texlive/2023/texmf-dist/tex/latex/latexconfig/epstopdf-sys.cfg
File: epstopdf-sys.cfg 2010/07/13 v1.3 Configuration of (r)epstopdf for TeX Liv
e
))
Package hyperref Info: Link coloring OFF on input line 21.

(./final work.out) (./final work.out)
\@outlinefile=\write3
\openout3 = `"final work.out"'.


*geometry* driver: auto-detecting
*geometry* detected driver: pdftex
*geometry* verbose mode - [ preamble ] result:
* driver: pdftex
* paper: a4paper
* layout: <same size as paper>
* layoutoffset:(h,v)=(0.0pt,0.0pt)
* modes: 
* h-part:(L,W,R)=(85.35826pt, 426.79135pt, 85.35826pt)
* v-part:(T,H,B)=(42.67912pt, 759.6886pt, 42.67912pt)
* \paperwidth=597.50787pt
* \paperheight=845.04684pt
* \textwidth=426.79135pt
* \textheight=759.6886pt
* \oddsidemargin=13.08827pt
* \evensidemargin=13.08827pt
* \topmargin=-66.59087pt
* \headheight=12.0pt
* \headsep=25.0pt
* \topskip=12.0pt
* \footskip=30.0pt
* \marginparwidth=35.0pt
* \marginparsep=10.0pt
* \columnsep=10.0pt
* \skip\footins=10.8pt plus 4.0pt minus 2.0pt
* \hoffset=0.0pt
* \voffset=0.0pt
* \mag=1000
* \@twocolumnfalse
* \@twosidefalse
* \@mparswitchfalse
* \@reversemarginfalse
* (1in=72.27pt=25.4mm, 1cm=28.453pt)

(d:/texlive/2023/texmf-dist/tex/generic/ctex/zhmap/ctex-zhmap-windows.tex
File: ctex-zhmap-windows.tex 2022/07/14 v2.5.10 Windows font map loader for pdf
TeX and DVIPDFMx (CTEX)
{d:/texlive/2023/texmf-var/fonts/map/pdftex/updmap/pdftex.map}{UGBK.sfd}{Unicod
e.sfd}) [1

]
LaTeX Font Info:    Trying to load font information for U+msa on input line 23.

 (d:/texlive/2023/texmf-dist/tex/latex/amsfonts/umsa.fd
File: umsa.fd 2013/01/14 v3.01 AMS symbols A
)
LaTeX Font Info:    Trying to load font information for U+msb on input line 23.


(d:/texlive/2023/texmf-dist/tex/latex/amsfonts/umsb.fd
File: umsb.fd 2013/01/14 v3.01 AMS symbols B
)
LaTeX Font Info:    Trying to load font information for U+rsfs on input line 23
.

(d:/texlive/2023/texmf-dist/tex/latex/jknapltx/ursfs.fd
File: ursfs.fd 1998/03/24 rsfs font definition file (jk)
)
Package CJKpunct Info: use punctuation spaces for family 'rm' with punctstyle (
quanjiao) on input line 28.

Overfull \hbox (1.54808pt too wide) in paragraph at lines 38--39
[]\C70/rm/m/n/12/5b ù \C70/rm/m/n/12/4e  \C70/rm/m/n/12/57 ^^F|\C70/rm/m/n/12/
ff ^^L| \C70/rm/m/n/12/4e º ì \C70/rm/m/n/12/5f ^^@ \C70/rm/m/n/12/59 Ë \C70/rm
/m/n/12/6c è \C70/rm/m/n/12/61 ^^O \C70/rm/m/n/12/57 ^^F \C70/rm/m/n/12/76 „ ô 
\C70/rm/m/n/12/5f „\OT1/cmr/m/n/12 D\C70/rm/m/n/12/51 ³ \C70/rm/m/n/12/5b š \C7
0/rm/m/n/12/4e † \C70/rm/m/n/12/51 v \C70/rm/m/n/12/59 ' \C70/rm/m/n/12/5c ^^O|
\C70/rm/m/n/12/ff ^^L| \C70/rm/m/n/12/54 ^^L \C70/rm/m/n/12/68 7 \C70/rm/m/n/12
/4e _ \C70/rm/m/n/12/4f ^^Z \C70/rm/m/n/12/6c è \C70/rm/m/n/12/61 ^^O \C70/rm/m
/n/12/52 0 \C70/rm/m/n/12/57 ^^F \C70/rm/m/n/12/76 „ \C70/rm/m/n/12/54 h \C70/r
m/m/n/12/95 ^^?\OT1/cmr/m/n/12 C|\C70/rm/m/n/12/ff ^^L|
 []


pdfTeX warning (ext4): destination with the same identifier (name{page.1}) has 
been already used, duplicate ignored
<to be read again> 
                   \relax 
l.44 	åœ†
         å‘¨ç‡çš„è®¡ç®—æœ€æ—©å¯ä»¥è¿½æº¯åˆ°å…¬å…ƒå‰20ä¸–çºªï¼Œä¸€å—å¤å·...
[1] [2]
Overfull \hbox (24.07166pt too wide) in paragraph at lines 58--59
\C70/rm/m/n/12/84 W \C70/rm/m/n/12/54 ^^M \C70/rm/m/n/12/65 p \C70/rm/m/n/12/5b
 f ¶|\C70/rm/m/n/12/30 ^^A| \C70/rm/m/n/12/59 ) \C70/rm/m/n/12/65 ‡ \C70/rm/m/n
/12/5b f ¶|\C70/rm/m/n/12/30 ^^B| \C70/rm/m/n/12/79 V \C70/rm/m/n/12/51 ² \C70/
rm/m/n/12/4e K \C70/rm/m/n/12/51 s \C70/rm/m/n/12/4e  \C70/rm/m/n/12/57 ^^F \C
70/rm/m/n/12/54 h \C70/rm/m/n/12/73 ‡ \C70/rm/m/n/12/67 	 \C70/rm/m/n/12/4e $ \
C70/rm/m/n/12/59 ' \C70/rm/m/n/12/8d ! \C70/rm/m/n/12/73 .\OT1/cmr/m/n/12 :\C70
/rm/m/n/12/51 v \C70/rm/m/n/12/4e ^^@ \C70/rm/m/n/12/66 / \C70/rm/m/n/12/6c B \
C70/rm/m/n/12/5f — \C70/rm/m/n/12/57 ^^F \C70/rm/m/n/12/54 h \C70/rm/m/n/12/73 
‡\OT1/cmr/m/n/12 :$3\OML/cmm/m/it/12 :\OT1/cmr/m/n/12 1415926 \OML/cmm/m/it/12 
<
 []

[3{d:/texlive/2023/texmf-dist/fonts/enc/dvips/cm-super/cm-super-ts1.enc}]
Overfull \hbox (3.95712pt too wide) in paragraph at lines 78--79
[]\OT1/cmr/m/n/12 1989\C70/rm/m/n/12/5e t \C70/rm/m/n/12/7f  \C70/rm/m/n/12/56
 ı \C70/rm/m/n/12/54 å \C70/rm/m/n/12/4f & \C70/rm/m/n/12/6b Ô \C70/rm/m/n/12/4
e š \C70/rm/m/n/12/59 ' \C70/rm/m/n/12/5b f \C70/rm/m/n/12/78 ^^T \C70/rm/m/n/1
2/7a v \C70/rm/m/n/12/4e º \C70/rm/m/n/12/54 X \C70/rm/m/n/12/75 ( \C70/rm/m/n/
12/51 K \C70/rm/m/n/12/96 ÷ \C70/rm/m/n/12/ff ^^M\OT1/cmr/m/n/12 2\C70/rm/m/n/1
2/57 ‹ |\C70/rm/m/n/12/ff ^^H|\OT1/cmr/m/n/12 Cray-2|\C70/rm/m/n/12/ff 	| \C70/
rm/m/n/12/54 Œ\OT1/cmr/m/n/12 IBM\C70/rm/m/n/12/ff ^^M\OT1/cmr/m/n/12 3090/VF\C
70/rm/m/n/12/57 ‹
 []

[4]
Overfull \hbox (10.06401pt too wide) in paragraph at lines 101--102
[]\C70/rm/m/n/12/57 ( \C70/rm/m/n/12/97 ` \C70/rm/m/n/12/51 I \C70/rm/m/n/12/6e
 Ñ \C70/rm/m/n/12/7a Ö \C70/rm/m/n/12/76 ô \C70/rm/m/n/12/58 ™ Á \C70/rm/m/n/12
/76 „ \C70/rm/m/n/12/51 I \C70/rm/m/n/12/6e Ñ \C70/rm/m/n/12/6c 4 \C70/rm/m/n/1
2/5e s \C70/rm/m/n/12/97 b \C70/rm/m/n/12/4e 
 \C70/rm/m/n/12/65 > \C70/rm/m/n/12/7f n \C70/rm/m/n/12/4e ^^@ * \C70/rm/m/n/12
/8d ( \C70/rm/m/n/12/91 Ï \C70/rm/m/n/12/4e :$\OML/cmm/m/it/12 m[]$\C70/rm/m/n/
12/76 „ \C70/rm/m/n/12/5f 9 \C70/rm/m/n/12/60 ' \C70/rm/m/n/12/6e Ñ \C70/rm/m/n
/12/57 W|\C70/rm/m/n/12/ff ^^L| \C70/rm/m/n/12/57 ( \C70/rm/m/n/12/6e Ñ \C70/rm
/m/n/12/57 W$\OML/cmm/m/it/12 m[]$\C70/rm/m/n/12/4e ^^N
 []


Overfull \hbox (11.51364pt too wide) in paragraph at lines 101--102
\C70/rm/m/n/12/5e ¦|\C70/rm/m/n/12/ff ^^L| $\OML/cmm/m/it/12 m[]$\C70/rm/m/n/12
/4e ^^N$\OML/cmm/m/it/12 m[]$\C70/rm/m/n/12/4e K \C70/rm/m/n/12/95 ô \C70/rm/m/
n/12/4f ^^Z \C70/rm/m/n/12/53 Ñ \C70/rm/m/n/12/75 ^^_ \C70/rm/m/n/12/82 å \C70/
rm/m/n/12/5e r \C70/rm/m/n/12/6b ! \C70/rm/m/n/12/5f 9 \C70/rm/m/n/12/60 ' \C70
/rm/m/n/12/78 ° \C70/rm/m/n/12/64 |\C70/rm/m/n/12/ff ^^L| \C70/rm/m/n/12/59 ‚ 
\C70/rm/m/n/12/67 œ$\OML/cmm/m/it/12 m[]$\C70/rm/m/n/12/66 /$\OML/cmm/m/it/12 m
[]$\C70/rm/m/n/12/8d ( \C70/rm/m/n/12/91 Ï \C70/rm/m/n/12/76 „\OT1/cmr/m/n/12 1
\C70/rm/m/n/12/50 ^^M|\C70/rm/m/n/12/30 ^^A| \OT1/cmr/m/n/12 100\C70/rm/m/n/12/
50 ^^M|\C70/rm/m/n/12/30 ^^A| \OT1/cmr/m/n/12 10000\C70/rm/m/n/12/50 ^^M|\C70/r
m/m/n/12/30 ^^A|
 []


Overfull \hbox (0.13132pt too wide) in paragraph at lines 101--102
\OT1/cmr/m/n/12 1000000\C70/rm/m/n/12/50 ^^M|\C70/rm/m/n/12/30 ^^A| \OT1/cmr/m/
n/12 100000000\C70/rm/m/n/12/50 ^^M |\C70/rm/m/n/12/20 &||&| \C70/rm/m/n/12/90 
£ \C70/rm/m/n/12/4e H \C70/rm/m/n/12/60 ; \C70/rm/m/n/12/78 ° \C70/rm/m/n/12/64
  \C70/rm/m/n/12/6b ! \C70/rm/m/n/12/65 p \C70/rm/m/n/12/52 ^^F + \C70/rm/m/n/
12/4e :\OT1/cmr/m/n/12 3|\C70/rm/m/n/12/30 ^^A| \OT1/cmr/m/n/12 31|\C70/rm/m/n/
12/30 ^^A| \OT1/cmr/m/n/12 314|\C70/rm/m/n/12/30 ^^A| \OT1/cmr/m/n/12 3141|\C70
/rm/m/n/12/30 ^^A| \OT1/cmr/m/n/12 31415 |\C70/rm/m/n/12/20 &||&|
 []

! Missing \endcsname inserted.
<to be read again> 
                   \global 
l.103 ...$ï¼Œå¦‚å›¾\ref{fig:ä¸€èˆ¬åŒ–ç¢°æ’æ¨¡å‹}
                                                  æ‰€ç¤ºã€‚
The control sequence marked <to be read again> should
not appear between \csname and \endcsname.

! Incomplete \iffalse; all text was ignored after line 103.
<inserted text> 
                \fi 
l.103 ...$ï¼Œå¦‚å›¾\ref{fig:ä¸€èˆ¬åŒ–ç¢°æ’æ¨¡å‹}
                                                  æ‰€ç¤ºã€‚
A forbidden control sequence occurred in skipped text.
This kind of error happens when you say `\if...' and forget
the matching `\fi'. I've inserted a `\fi'; this might work.

! Incomplete \iffalse; all text was ignored after line 103.
<inserted text> 
                \fi 
l.103 ...$ï¼Œå¦‚å›¾\ref{fig:ä¸€èˆ¬åŒ–ç¢°æ’æ¨¡å‹}
                                                  æ‰€ç¤ºã€‚
A forbidden control sequence occurred in skipped text.
This kind of error happens when you say `\if...' and forget
the matching `\fi'. I've inserted a `\fi'; this might work.

Runaway text?

LaTeX Warning: Reference `\let 
! Forbidden control sequence found while scanning text of \write.
<inserted text> 
                }
l.103 ...$ï¼Œå¦‚å›¾\ref{fig:ä¸€èˆ¬åŒ–ç¢°æ’æ¨¡å‹}
                                                  æ‰€ç¤ºã€‚
I suspect you have forgotten a `}', causing me
to read past where you wanted me to stop.
I'll try to recover; but if the error is serious,
you'd better type `E' or `X' now and fix your file.


LaTeX Warning: Reference `\let  
! Too many }'s.
<recently read> }
                 
l.103 ...$ï¼Œå¦‚å›¾\ref{fig:ä¸€èˆ¬åŒ–ç¢°æ’æ¨¡å‹}
                                                  æ‰€ç¤ºã€‚
You've closed more groups than you opened.
Such booboos are generally harmless, so keep going.

! Extra \endcsname.
<recently read> \endcsname 
                           
l.103 ...$ï¼Œå¦‚å›¾\ref{fig:ä¸€èˆ¬åŒ–ç¢°æ’æ¨¡å‹}
                                                  æ‰€ç¤ºã€‚
I'm ignoring this, since I wasn't doing a \csname.

! Missing endcsname inserted.
<to be read again> 
                   ä
l.106 ...ncludegraphics{ä¸€èˆ¬åŒ–ç¢°æ’æ¨¡å‹.png}
                                                  
The control sequence marked <to be read again> should
not appear between \csname and \endcsname.

! Use of ??? doesn't match its definition.
<argument> ???  
                ! LaTeX Error: ä invalid in file name. Lost: fi ¸€èˆ¬åŒ–ç¢°æ...
l.106 ...ncludegraphics{ä¸€èˆ¬åŒ–ç¢°æ’æ¨¡å‹.png}
                                                  
If you say, e.g., `\def\a1{...}', then you must always
put `1' after `\a', since control sequence names are
made up of letters only. The macro here has not been
followed by the required stuff, so I'm ignoring it.

! Missing endcsname inserted.
<to be read again> 
                   ä
l.106 ...ncludegraphics{ä¸€èˆ¬åŒ–ç¢°æ’æ¨¡å‹.png}
                                                  
The control sequence marked <to be read again> should
not appear between \csname and \endcsname.

! Use of ??? doesn't match its definition.
<argument> ???  
                ! LaTeX Error: ä invalid in file name. Lost: fi ¸€èˆ¬åŒ–ç¢°æ...
l.106 ...ncludegraphics{ä¸€èˆ¬åŒ–ç¢°æ’æ¨¡å‹.png}
                                                  
If you say, e.g., `\def\a1{...}', then you must always
put `1' after `\a', since control sequence names are
made up of letters only. The macro here has not been
followed by the required stuff, so I'm ignoring it.

! Missing endcsname inserted.
<to be read again> 
                   ä
l.106 ...ncludegraphics{ä¸€èˆ¬åŒ–ç¢°æ’æ¨¡å‹.png}
                                                  
The control sequence marked <to be read again> should
not appear between \csname and \endcsname.

! Use of ??? doesn't match its definition.
<argument> ???  
                ! LaTeX Error: ä invalid in file name. Lost: fi fi ¸€èˆ¬åŒ–ç...
l.106 ...ncludegraphics{ä¸€èˆ¬åŒ–ç¢°æ’æ¨¡å‹.png}
                                                  
If you say, e.g., `\def\a1{...}', then you must always
put `1' after `\a', since control sequence names are
made up of letters only. The macro here has not been
followed by the required stuff, so I'm ignoring it.


! LaTeX Error: File `ä¸€èˆ¬åŒ–ç¢°æ’æ¨¡å‹.png' not found.

See the LaTeX manual or LaTeX Companion for explanation.
Type  H <return>  for immediate help.
 ...                                              
                                                  
l.106 ...ncludegraphics{ä¸€èˆ¬åŒ–ç¢°æ’æ¨¡å‹.png}
                                                  
I could not locate the file with any of these extensions:
.pdf,.png,.jpg,.mps,.jpeg,.jbig2,.jb2,.PDF,.PNG,.JPG,.JPEG,.JBIG2,.JB2,.eps
Try typing  <return>  to proceed.
If that doesn't work, type  X <return>  to quit.


Overfull \hbox (11.81648pt too wide) in paragraph at lines 113--116
\C70/rm/m/n/12/8f Ş \C70/rm/m/n/12/7e í \C70/rm/m/n/12/76 „ \C70/rm/m/n/12/78 °
 \C70/rm/m/n/12/64  \C70/rm/m/n/12/53 ï \C70/rm/m/n/12/4e å \C70/rm/m/n/12/77 
 \C70/rm/m/n/12/4f \ \C70/rm/m/n/12/90 ^^_ \C70/rm/m/n/12/5e ¦ \C70/rm/m/n/12/
76 „ \C70/rm/m/n/12/53 Ø \C70/rm/m/n/12/63 b|\C70/rm/m/n/12/ff ^^L| \C70/rm/m/n
/12/52 ) \C70/rm/m/n/12/75 ( \C70/rm/m/n/12/7e ¿ \C70/rm/m/n/12/60 ' \C70/rm/m/
n/12/4e ã \C70/rm/m/n/12/65 p \C70/rm/m/n/12/76 „ \C70/rm/m/n/12/77 å \C70/rm/m
/n/12/8b Æ|\C70/rm/m/n/12/ff ^^L| \C70/rm/m/n/12/62 ^^Q \C70/rm/m/n/12/4e ì \C7
0/rm/m/n/12/53 ï \C70/rm/m/n/12/4e å \C70/rm/m/n/12/5f — \C70/rm/m/n/12/52 0$\O
ML/cmm/m/it/12 m[]$|\C70/rm/m/n/12/30 ^^A| $\OML/cmm/m/it/12 m[]$\C70/rm/m/n/12
/7b ,$\OML/cmm/m/it/12 n \OT1/cmr/m/n/12 +
 []

[5]
! Missing \endcsname inserted.
<to be read again> 
                   \global 
l.122 	å…¬å¼\ref{å…¬å¼11}
                           æ­ç¤ºäº†ç¢°æ’æ¬¡æ•°$N_1$ä¸$\sqrt{k}$ä¹‹é—´çš„ç...
The control sequence marked <to be read again> should
not appear between \csname and \endcsname.

! Use of \r@{ doesn't match its definition.
\@setref ...expandafter \Hy@setref@link #1\@empty 
                                                  \@empty \@empty \@nil {#2}...
l.122 	å…¬å¼\ref{å…¬å¼11}
                           æ­ç¤ºäº†ç¢°æ’æ¬¡æ•°$N_1$ä¸$\sqrt{k}$ä¹‹é—´çš„ç...
If you say, e.g., `\def\a1{...}', then you must always
put `1' after `\a', since control sequence names are
made up of letters only. The macro here has not been
followed by the required stuff, so I'm ignoring it.

! Argument of \Hy@setref@link has an extra }.
<inserted text> 
                \par 
l.122 	å…¬å¼\ref{å…¬å¼11}
                           æ­ç¤ºäº†ç¢°æ’æ¬¡æ•°$N_1$ä¸$\sqrt{k}$ä¹‹é—´çš„ç...
I've run across a `}' that doesn't seem to match anything.
For example, `\def\a#1{...}' and `\a}' would produce
this error. If you simply proceed now, the `\par' that
I've just inserted will cause me to report a runaway
argument that might be the root of the problem. But if
your `}' was spurious, just type `2' and it will go away.

Runaway argument?
\global \edef \CJKpunct@lastkern {\number \lastkern }\ifCJK@ \CJKglue \ETC.
! Paragraph ended before \Hy@setref@link was complete.
<to be read again> 
                   \par 
l.122 	å…¬å¼\ref{å…¬å¼11}
                           æ­ç¤ºäº†ç¢°æ’æ¬¡æ•°$N_1$ä¸$\sqrt{k}$ä¹‹é—´çš„ç...
I suspect you've forgotten a `}', causing me to apply this
control sequence to too much text. How can we recover?
My plan is to forget the whole thing and hope for the best.

! Too many }'s.
<recently read> }
                 
l.122 	å…¬å¼\ref{å…¬å¼11}
                           æ­ç¤ºäº†ç¢°æ’æ¬¡æ•°$N_1$ä¸$\sqrt{k}$ä¹‹é—´çš„ç...
You've closed more groups than you opened.
Such booboos are generally harmless, so keep going.

! Extra \endcsname.
\NR@setref ... \NR@@setref \csname r@#1\endcsname 
                                                  
l.122 	å…¬å¼\ref{å…¬å¼11}
                           æ­ç¤ºäº†ç¢°æ’æ¬¡æ•°$N_1$ä¸$\sqrt{k}$ä¹‹é—´çš„ç...
I'm ignoring this, since I wasn't doing a \csname.

! Missing \endcsname inserted.
<to be read again> 
                   \global 
l.126 	å…¬å¼\ref{å…¬å¼12}
                           æ­ç¤ºäº†ç¢°æ’æ¬¡æ•°$N_2$ä¸$\sqrt{k}$ä¹‹é—´çš„ç...
The control sequence marked <to be read again> should
not appear between \csname and \endcsname.

! Use of \r@{ doesn't match its definition.
\@setref ...expandafter \Hy@setref@link #1\@empty 
                                                  \@empty \@empty \@nil {#2}...
l.126 	å…¬å¼\ref{å…¬å¼12}
                           æ­ç¤ºäº†ç¢°æ’æ¬¡æ•°$N_2$ä¸$\sqrt{k}$ä¹‹é—´çš„ç...
If you say, e.g., `\def\a1{...}', then you must always
put `1' after `\a', since control sequence names are
made up of letters only. The macro here has not been
followed by the required stuff, so I'm ignoring it.

! Argument of \Hy@setref@link has an extra }.
<inserted text> 
                \par 
l.126 	å…¬å¼\ref{å…¬å¼12}
                           æ­ç¤ºäº†ç¢°æ’æ¬¡æ•°$N_2$ä¸$\sqrt{k}$ä¹‹é—´çš„ç...
I've run across a `}' that doesn't seem to match anything.
For example, `\def\a#1{...}' and `\a}' would produce
this error. If you simply proceed now, the `\par' that
I've just inserted will cause me to report a runaway
argument that might be the root of the problem. But if
your `}' was spurious, just type `2' and it will go away.

Runaway argument?
\global \edef \CJKpunct@lastkern {\number \lastkern }\ifCJK@ \CJKglue \ETC.
! Paragraph ended before \Hy@setref@link was complete.
<to be read again> 
                   \par 
l.126 	å…¬å¼\ref{å…¬å¼12}
                           æ­ç¤ºäº†ç¢°æ’æ¬¡æ•°$N_2$ä¸$\sqrt{k}$ä¹‹é—´çš„ç...
I suspect you've forgotten a `}', causing me to apply this
control sequence to too much text. How can we recover?
My plan is to forget the whole thing and hope for the best.

! Too many }'s.
<recently read> }
                 
l.126 	å…¬å¼\ref{å…¬å¼12}
                           æ­ç¤ºäº†ç¢°æ’æ¬¡æ•°$N_2$ä¸$\sqrt{k}$ä¹‹é—´çš„ç...
You've closed more groups than you opened.
Such booboos are generally harmless, so keep going.

! Extra \endcsname.
\NR@setref ... \NR@@setref \csname r@#1\endcsname 
                                                  
l.126 	å…¬å¼\ref{å…¬å¼12}
                           æ­ç¤ºäº†ç¢°æ’æ¬¡æ•°$N_2$ä¸$\sqrt{k}$ä¹‹é—´çš„ç...
I'm ignoring this, since I wasn't doing a \csname.

[6]
Overfull \hbox (34.84846pt too wide) in paragraph at lines 172--173
\C70/rm/m/n/12/52 Ç \C70/rm/m/n/12/4e  \C70/rm/m/n/12/52 ^^[ \C70/rm/m/n/12/90
   \C70/rm/m/n/12/54 Œ \C70/rm/m/n/12/65 b \C70/rm/m/n/12/4e  \C70/rm/m/n/12/5
7 Z \C70/rm/m/n/12/63 ^^A \C70/rm/m/n/12/77 ^^_ \C70/rm/m/n/12/74 ^^F \C70/rm/m
/n/12/76 „ \C70/rm/m/n/12/7c ¾ \C70/rm/m/n/12/79 ^|\C70/rm/m/n/12/ff ^^L| \C70/
rm/m/n/12/4e Í \C70/rm/m/n/12/65 ç \C70/rm/m/n/12/66 / \C70/rm/m/n/12/62 ^^Q \C
70/rm/m/n/12/4e ì \C70/rm/m/n/12/5e ” \C70/rm/m/n/12/5f S \C70/rm/m/n/12/5b f \
C70/rm/m/n/12/4e ` \C70/rm/m/n/12/76 „ \C70/rm/m/n/12/69 œ \C70/rm/m/n/12/68 7|
\C70/rm/m/n/12/20 ^^]||\C70/rm/m/n/12/30 ^^B| \C70/rm/m/n/12/4e 1967\C70/rm/m/n
/12/5e t\C70/rm/m/n/12/4e 11\C70/rm/m/n/12/67 ^^H\C70/rm/m/n/12/4e 9\C70/rm/m/n
/12/65 å
 []

(./final work.bbl [7]
Underfull \hbox (badness 3826) in paragraph at lines 19--22
[]\C70/rm/m/n/12/5c ³ \C70/rm/m/n/12/56 ı \C70/rm/m/n/12/80 T $\OT1/cmr/m/n/12 
&$ \C70/rm/m/n/12/9e Ä \C70/rm/m/n/12/7e Í \C70/rm/m/n/12/4e f $\OT1/cmr/m/n/12
 &$ \C70/rm/m/n/12/54 h \C70/rm/m/n/12/59 N $\OT1/cmr/m/n/12 &$ \C70/rm/m/n/12/
5f   \C70/rm/m/n/12/52 ) \C70/rm/m/n/12/7e ¯ $\OT1/cmr/m/n/12 &$ \C70/rm/m/n/12
/8d u \C70/rm/m/n/12/5e †
 []

) [8] (./final work.aux
! Missing \endcsname inserted.
<to be read again> 
                   \tex_indent:D 
l.39 ...{1}{5}{ä¸€èˆ¬åŒ–ç¢°æ’æ¨¡å‹}{figure.1}{}}
                                                  
The control sequence marked <to be read again> should
not appear between \csname and \endcsname.

! Missing \endcsname inserted.
<to be read again> 
                   \tex_indent:D 
l.41 ...˜µä¸ä¸€ç»´å¼¹æ€§ç¢°æ’}{equation.2.11}{}}
                                                  
The control sequence marked <to be read again> should
not appear between \csname and \endcsname.

! Missing \endcsname inserted.
<to be read again> 
                   \tex_indent:D 
l.42 ...˜µä¸ä¸€ç»´å¼¹æ€§ç¢°æ’}{equation.2.12}{}}
                                                  
The control sequence marked <to be read again> should
not appear between \csname and \endcsname.

)

LaTeX Warning: There were undefined references.


LaTeX Warning: Label(s) may have changed. Rerun to get cross-references right.

Package rerunfilecheck Info: File `"final work".out' has not changed.
(rerunfilecheck)             Checksum: CA4E601E2651C3C4FAF56F66B25DA4B6;1047.
 )
(\end occurred when \ifx on line 126 was incomplete)
(\end occurred when \iftrue on line 126 was incomplete)
(\end occurred when \ifnum on line 126 was incomplete)
(\end occurred when \ifnum on line 126 was incomplete)
(\end occurred when \ifnum on line 126 was incomplete)
(\end occurred when \ifnum on line 126 was incomplete)
(\end occurred when \ifx on line 122 was incomplete)
(\end occurred when \iftrue on line 122 was incomplete)
(\end occurred when \ifnum on line 122 was incomplete)
(\end occurred when \ifnum on line 122 was incomplete)
(\end occurred when \ifnum on line 122 was incomplete)
(\end occurred when \ifnum on line 122 was incomplete)
(\end occurred when \ifx on line 106 was incomplete)
(\end occurred when \ifx on line 106 was incomplete)
(\end occurred when \ifx on line 106 was incomplete)
(\end occurred when \ifx on line 106 was incomplete)
(\end occurred when \ifnum on line 42 was incomplete)
(\end occurred when \ifnum on line 41 was incomplete) 
Here is how much of TeX's memory you used:
 16189 strings out of 476025
 278873 string characters out of 5794015
 1879382 words of memory out of 5000000
 35922 multiletter control sequences out of 15000+600000
 592171 words of font info for 326 fonts, out of 8000000 for 9000
 1141 hyphenation exceptions out of 8191
 78i,12n,80p,965b,580s stack positions out of 10000i,1000n,20000p,200000b,200000s
<c:/Windows/Fonts/simkai.t
tf><c:/Windows/Fonts/simkai.ttf><c:/Windows/Fonts/simkai.ttf><c:/Windows/Fonts/
simkai.ttf><c:/Windows/Fonts/simkai.ttf><c:/Windows/Fonts/simkai.ttf><c:/Window
s/Fonts/simkai.ttf><c:/Windows/Fonts/simkai.ttf><c:/Windows/Fonts/simkai.ttf><c
:/Windows/Fonts/simkai.ttf><c:/Windows/Fonts/simkai.ttf><c:/Windows/Fonts/simka
i.ttf><c:/Windows/Fonts/simkai.ttf><c:/Windows/Fonts/simkai.ttf><c:/Windows/Fon
ts/simkai.ttf><c:/Windows/Fonts/simhei.ttf><c:/Windows/Fonts/simsun.ttc><c:/Win
dows/Fonts/simsun.ttc><c:/Windows/Fonts/simsun.ttc><c:/Windows/Fonts/simsun.ttc
><c:/Windows/Fonts/simsun.ttc><c:/Windows/Fonts/simsun.ttc><c:/Windows/Fonts/si
msun.ttc><c:/Windows/Fonts/simhei.ttf><c:/Windows/Fonts/simhei.ttf><c:/Windows/
Fonts/simhei.ttf><c:/Windows/Fonts/simhei.ttf><c:/Windows/Fonts/simsun.ttc><c:/
Windows/Fonts/simhei.ttf><c:/Windows/Fonts/simhei.ttf><c:/Windows/Fonts/simsun.
ttc><c:/Windows/Fonts/simsun.ttc><c:/Windows/Fonts/simsun.ttc><c:/Windows/Fonts
/simsun.ttc><c:/Windows/Fonts/simsun.ttc><c:/Windows/Fonts/simsun.ttc><c:/Windo
ws/Fonts/simsun.ttc><c:/Windows/Fonts/simsun.ttc><c:/Windows/Fonts/simsun.ttc><
c:/Windows/Fonts/simhei.ttf><c:/Windows/Fonts/simhei.ttf><c:/Windows/Fonts/simh
ei.ttf><c:/Windows/Fonts/simsun.ttc><c:/Windows/Fonts/simsun.ttc><c:/Windows/Fo
nts/simsun.ttc><c:/Windows/Fonts/simsun.ttc><c:/Windows/Fonts/simsun.ttc><c:/Wi
ndows/Fonts/simsun.ttc><c:/Windows/Fonts/simsun.ttc><c:/Windows/Fonts/simsun.tt
c><c:/Windows/Fonts/simsun.ttc><c:/Windows/Fonts/simsun.ttc><c:/Windows/Fonts/s
imsun.ttc><c:/Windows/Fonts/simsun.ttc><c:/Windows/Fonts/simsun.ttc><c:/Windows
/Fonts/simhei.ttf><c:/Windows/Fonts/simhei.ttf><c:/Windows/Fonts/simhei.ttf><c:
/Windows/Fonts/simhei.ttf><c:/Windows/Fonts/simsun.ttc><c:/Windows/Fonts/simsun
.ttc><c:/Windows/Fonts/simsun.ttc><c:/Windows/Fonts/simsun.ttc><c:/Windows/Font
s/simsun.ttc><c:/Windows/Fonts/simsun.ttc><c:/Windows/Fonts/simsun.ttc><c:/Wind
ows/Fonts/simsun.ttc><c:/Windows/Fonts/simsun.ttc><c:/Windows/Fonts/simsun.ttc>
<c:/Windows/Fonts/simsun.ttc><c:/Windows/Fonts/simsun.ttc><c:/Windows/Fonts/sim
sun.ttc><c:/Windows/Fonts/simsun.ttc><c:/Windows/Fonts/simsun.ttc><c:/Windows/F
onts/simsun.ttc><c:/Windows/Fonts/simsun.ttc><c:/Windows/Fonts/simsun.ttc><c:/W
indows/Fonts/simsun.ttc><c:/Windows/Fonts/simsun.ttc><c:/Windows/Fonts/simsun.t
tc><c:/Windows/Fonts/simsun.ttc><c:/Windows/Fonts/simsun.ttc><c:/Windows/Fonts/
simsun.ttc><c:/Windows/Fonts/simsun.ttc><c:/Windows/Fonts/simsun.ttc><c:/Window
s/Fonts/simsun.ttc><c:/Windows/Fonts/simsun.ttc><c:/Windows/Fonts/simsun.ttc><c
:/Windows/Fonts/simsun.ttc><c:/Windows/Fonts/simsun.ttc><c:/Windows/Fonts/simsu
n.ttc><c:/Windows/Fonts/simsun.ttc><c:/Windows/Fonts/simsun.ttc><c:/Windows/Fon
ts/simsun.ttc><c:/Windows/Fonts/simsun.ttc><c:/Windows/Fonts/simsun.ttc><c:/Win
dows/Fonts/simsun.ttc><c:/Windows/Fonts/simsun.ttc><c:/Windows/Fonts/simsun.ttc
><c:/Windows/Fonts/simsun.ttc><c:/Windows/Fonts/simsun.ttc><c:/Windows/Fonts/si
msun.ttc><c:/Windows/Fonts/simhei.ttf><c:/Windows/Fonts/simhei.ttf><c:/Windows/
Fonts/simsun.ttc><c:/Windows/Fonts/simsun.ttc><c:/Windows/Fonts/simsun.ttc><c:/
Windows/Fonts/simhei.ttf><c:/Windows/Fonts/simhei.ttf><c:/Windows/Fonts/simhei.
ttf><c:/Windows/Fonts/simhei.ttf><c:/Windows/Fonts/simhei.ttf><c:/Windows/Fonts
/simhei.ttf><c:/Windows/Fonts/simhei.ttf><c:/Windows/Fonts/simhei.ttf><c:/Windo
ws/Fonts/simhei.ttf><c:/Windows/Fonts/simhei.ttf><c:/Windows/Fonts/simhei.ttf><
c:/Windows/Fonts/simhei.ttf><c:/Windows/Fonts/simhei.ttf><c:/Windows/Fonts/sims
un.ttc><c:/Windows/Fonts/simsun.ttc><c:/Windows/Fonts/simsun.ttc><c:/Windows/Fo
nts/simsun.ttc><c:/Windows/Fonts/simsun.ttc><c:/Windows/Fonts/simsun.ttc><c:/Wi
ndows/Fonts/simsun.ttc><c:/Windows/Fonts/simsun.ttc><c:/Windows/Fonts/simsun.tt
c><c:/Windows/Fonts/simsun.ttc><c:/Windows/Fonts/simsun.ttc><c:/Windows/Fonts/s
imsun.ttc><c:/Windows/Fonts/simsun.ttc><d:/texlive/2023/texmf-dist/fonts/type1/
public/amsfonts/cm/cmbx10.pfb><d:/texlive/2023/texmf-dist/fonts/type1/public/am
sfonts/cm/cmbx12.pfb><d:/texlive/2023/texmf-dist/fonts/type1/public/amsfonts/cm
/cmex10.pfb><d:/texlive/2023/texmf-dist/fonts/type1/public/amsfonts/cm/cmmi10.p
fb><d:/texlive/2023/texmf-dist/fonts/type1/public/amsfonts/cm/cmmi12.pfb><d:/te
xlive/2023/texmf-dist/fonts/type1/public/amsfonts/cm/cmmi8.pfb><d:/texlive/2023
/texmf-dist/fonts/type1/public/amsfonts/cm/cmr12.pfb><d:/texlive/2023/texmf-dis
t/fonts/type1/public/amsfonts/cm/cmr6.pfb><d:/texlive/2023/texmf-dist/fonts/typ
e1/public/amsfonts/cm/cmr8.pfb><d:/texlive/2023/texmf-dist/fonts/type1/public/a
msfonts/cm/cmsl12.pfb><d:/texlive/2023/texmf-dist/fonts/type1/public/amsfonts/c
m/cmsy10.pfb><d:/texlive/2023/texmf-dist/fonts/type1/public/amsfonts/cm/cmsy8.p
fb><d:/texlive/2023/texmf-dist/fonts/type1/public/cm-super/sfrm1200.pfb>
Output written on "final work.pdf" (9 pages, 765439 bytes).
PDF statistics:
 815 PDF objects out of 1000 (max. 8388607)
 562 compressed objects within 6 object streams
 39 named destinations out of 1000 (max. 500000)
 409 words of extra memory for PDF output out of 10000 (max. 10000000)

